[2025-05-20 14:13:27.440] [INIT].... → WiseflowWebDriver 0.1.0 
[2025-05-20 14:13:27.440] [INIT].... → Modified based on crawl4ai 0.6.4, MediaCrawler, intergrate NoDriver 
[2025-05-20 14:13:27.445] [ERROR]... × https://www.cat.com/                               | Error: Unexpected error in _crawl_web at line 515 in _crawl_web (../core/wwd/async_crawler_strategy.py):
Error: 'CrawlerRunConfig' object has no attribute 'user_agent'

Code context:
 510           # Initialize capture lists
 511           captured_requests = []
 512           captured_console = []
 513   
 514           # Handle user agent with magic mode
 515 →         user_agent_to_override = config.user_agent
 516           if user_agent_to_override:
 517               self.browser_config.user_agent = user_agent_to_override
 518           elif config.magic or config.user_agent_mode == "random":
 519               self.browser_config.user_agent = ValidUAGenerator().generate(
 520                   **(config.user_agent_generator_config or {}) 
[2025-05-20 14:13:27.446] [ERROR]... × https://www.komatsu.com/                           | Error: Unexpected error in _crawl_web at line 515 in _crawl_web (../core/wwd/async_crawler_strategy.py):
Error: 'CrawlerRunConfig' object has no attribute 'user_agent'

Code context:
 510           # Initialize capture lists
 511           captured_requests = []
 512           captured_console = []
 513   
 514           # Handle user agent with magic mode
 515 →         user_agent_to_override = config.user_agent
 516           if user_agent_to_override:
 517               self.browser_config.user_agent = user_agent_to_override
 518           elif config.magic or config.user_agent_mode == "random":
 519               self.browser_config.user_agent = ValidUAGenerator().generate(
 520                   **(config.user_agent_generator_config or {}) 
[2025-05-20 14:19:52.491] [INIT].... → WiseflowWebDriver 0.1.0 
[2025-05-20 14:19:52.491] [INIT].... → Modified based on crawl4ai 0.6.4, MediaCrawler, intergrate NoDriver 
[2025-05-20 14:19:55.187] [ERROR]... × Error updating image dimensions: Page.evaluate: Execution context was destroyed, most likely because of a navigation 
[2025-05-20 14:19:56.202] [FETCH]... ↓ https://www.cat.com/                                                                                 | ✓ | ⏱: 3.71s 
[2025-05-20 14:19:56.221] [PREPROCESS HTML] ℹ Completed for https://www.cat.com/... | Time: 0.014s 
[2025-05-20 14:19:56.221] [COMPLETE] ● https://www.cat.com/                                                                                 | ✓ | ⏱: 3.73s 
[2025-05-20 14:20:02.953] [ERROR]... × Error updating image dimensions: Page.evaluate: Execution context was destroyed, most likely because of a navigation 
[2025-05-20 14:20:03.973] [FETCH]... ↓ https://www.komatsu.com/                                                                             | ✓ | ⏱: 7.75s 
[2025-05-20 14:20:03.976] [PREPROCESS HTML] ℹ Completed for https://www.komatsu.com/... | Time: 0.001s 
[2025-05-20 14:20:03.978] [COMPLETE] ● https://www.komatsu.com/                                                                             | ✓ | ⏱: 7.75s 
